<?xml version="1.0" encoding="UTF-8"?>
<testsuite xmlns:xsi="http://www.w3.org/2001/XMLSchema-instance" xsi:noNamespaceSchemaLocation="https://maven.apache.org/surefire/maven-surefire-plugin/xsd/surefire-test-report.xsd" name="com.spolancom.AppTest" time="0.054" tests="1" errors="0" skipped="0" failures="0">
  <properties>
    <property name="awt.toolkit" value="sun.awt.X11.XToolkit"/>
    <property name="java.specification.version" value="13"/>
    <property name="file.encoding.pkg" value="sun.io"/>
    <property name="jdk.extensions.version" value="13.0.2.0"/>
    <property name="sun.jnu.encoding" value="UTF-8"/>
    <property name="java.class.path" value="/run/media/uriegas/384f8cf3-55e7-459b-8b18-17bc09944115/home/uriegas/Documents/MyProjects/Programacion/LearningJava/poo-unidad-1-actividad-1-Uriegas/target/test-classes:/run/media/uriegas/384f8cf3-55e7-459b-8b18-17bc09944115/home/uriegas/Documents/MyProjects/Programacion/LearningJava/poo-unidad-1-actividad-1-Uriegas/target/classes:/home/uriegas/.m2/repository/junit/junit/4.11/junit-4.11.jar:/home/uriegas/.m2/repository/org/hamcrest/hamcrest-core/1.3/hamcrest-core-1.3.jar:"/>
    <property name="java.vm.vendor" value="Eclipse OpenJ9"/>
    <property name="sun.arch.data.model" value="64"/>
    <property name="com.ibm.vm.bitmode" value="64"/>
    <property name="user.variant" value=""/>
    <property name="com.ibm.oti.vm.library.version" value="29"/>
    <property name="java.vendor.url" value="https://adoptopenjdk.net/"/>
    <property name="user.timezone" value=""/>
    <property name="os.name" value="Linux"/>
    <property name="java.vm.specification.version" value="13"/>
    <property name="sun.java.launcher" value="SUN_STANDARD"/>
    <property name="user.country" value="US"/>
    <property name="sun.boot.library.path" value="/usr/lib/jvm/java-13-j9/lib/compressedrefs:/usr/lib/jvm/java-13-j9/lib"/>
    <property name="sun.java.command" value="/run/media/uriegas/384f8cf3-55e7-459b-8b18-17bc09944115/home/uriegas/Documents/MyProjects/Programacion/LearningJava/poo-unidad-1-actividad-1-Uriegas/target/surefire/surefirebooter11347188295220987700.jar /run/media/uriegas/384f8cf3-55e7-459b-8b18-17bc09944115/home/uriegas/Documents/MyProjects/Programacion/LearningJava/poo-unidad-1-actividad-1-Uriegas/target/surefire 2021-05-12T19-03-50_046-jvmRun1 surefire14276805801395681564tmp surefire_05420982432097502652tmp"/>
    <property name="surefire.test.class.path" value="/run/media/uriegas/384f8cf3-55e7-459b-8b18-17bc09944115/home/uriegas/Documents/MyProjects/Programacion/LearningJava/poo-unidad-1-actividad-1-Uriegas/target/test-classes:/run/media/uriegas/384f8cf3-55e7-459b-8b18-17bc09944115/home/uriegas/Documents/MyProjects/Programacion/LearningJava/poo-unidad-1-actividad-1-Uriegas/target/classes:/home/uriegas/.m2/repository/junit/junit/4.11/junit-4.11.jar:/home/uriegas/.m2/repository/org/hamcrest/hamcrest-core/1.3/hamcrest-core-1.3.jar:"/>
    <property name="sun.cpu.endian" value="little"/>
    <property name="user.home" value="/home/uriegas"/>
    <property name="user.language" value="en"/>
    <property name="java.specification.vendor" value="Oracle Corporation"/>
    <property name="java.version.date" value="2020-01-14"/>
    <property name="java.home" value="/usr/lib/jvm/java-13-j9"/>
    <property name="ibm.signalhandling.rs" value="false"/>
    <property name="file.separator" value="/"/>
    <property name="jdk.extensions.name" value="Extensions for OpenJDK for Eclipse OpenJ9"/>
    <property name="basedir" value="/run/media/uriegas/384f8cf3-55e7-459b-8b18-17bc09944115/home/uriegas/Documents/MyProjects/Programacion/LearningJava/poo-unidad-1-actividad-1-Uriegas"/>
    <property name="line.separator" value="&#10;"/>
    <property name="java.vm.specification.vendor" value="Oracle Corporation"/>
    <property name="java.specification.name" value="Java Platform API Specification"/>
    <property name="java.compiler" value="j9jit29"/>
    <property name="com.ibm.util.extralibs.properties" value=""/>
    <property name="sun.java.launcher.pid" value="56185"/>
    <property name="java.awt.graphicsenv" value="sun.awt.X11GraphicsEnvironment"/>
    <property name="com.ibm.oti.configuration" value="scar"/>
    <property name="java.awt.fonts" value=""/>
    <property name="surefire.real.class.path" value="/run/media/uriegas/384f8cf3-55e7-459b-8b18-17bc09944115/home/uriegas/Documents/MyProjects/Programacion/LearningJava/poo-unidad-1-actividad-1-Uriegas/target/surefire/surefirebooter11347188295220987700.jar"/>
    <property name="com.ibm.oti.shared.enabled" value="false"/>
    <property name="jdk.boot.class.path.append" value=""/>
    <property name="com.ibm.oti.vm.bootstrap.library.path" value="/usr/lib/jvm/java-13-j9/lib/compressedrefs:/usr/lib/jvm/java-13-j9/lib"/>
    <property name="com.ibm.cpu.endian" value="little"/>
    <property name="java.fullversion" value="13.0.2+8&#10;JRE 13 Linux amd64-64-Bit Compressed References 20200117_151 (JIT enabled, AOT enabled)&#10;OpenJ9   - 6968c18d7&#10;OMR      - 7a1b0239a&#10;JCL      - 9c5a41bd5f based on jdk-13.0.2+8"/>
    <property name="java.runtime.version" value="13.0.2+8"/>
    <property name="user.name" value="uriegas"/>
    <property name="path.separator" value=":"/>
    <property name="os.version" value="5.10.32-1-MANJARO"/>
    <property name="java.runtime.name" value="OpenJDK Runtime Environment"/>
    <property name="ibm.signalhandling.sigint" value="true"/>
    <property name="file.encoding" value="UTF-8"/>
    <property name="java.vm.name" value="Eclipse OpenJ9 VM"/>
    <property name="java.vendor.version" value="AdoptOpenJDK"/>
    <property name="ibm.signalhandling.sigchain" value="true"/>
    <property name="localRepository" value="/home/uriegas/.m2/repository"/>
    <property name="java.vendor.url.bug" value="https://github.com/AdoptOpenJDK/openjdk-support/issues"/>
    <property name="java.io.tmpdir" value="/tmp"/>
    <property name="java.version" value="13.0.2"/>
    <property name="com.ibm.system.agent.path" value="/usr/lib/jvm/java-13-j9/lib"/>
    <property name="user.dir" value="/run/media/uriegas/384f8cf3-55e7-459b-8b18-17bc09944115/home/uriegas/Documents/MyProjects/Programacion/LearningJava/poo-unidad-1-actividad-1-Uriegas"/>
    <property name="os.arch" value="amd64"/>
    <property name="java.vm.specification.name" value="Java Virtual Machine Specification"/>
    <property name="java.awt.printerjob" value="sun.print.PSPrinterJob"/>
    <property name="sun.nio.PageAlignDirectMemory" value="false"/>
    <property name="os.encoding" value="UTF-8"/>
    <property name="java.library.path" value="/usr/lib/jvm/java-13-j9/lib/compressedrefs:/usr/lib/jvm/java-13-j9/lib:/usr/lib64:/usr/lib"/>
    <property name="java.vendor" value="AdoptOpenJDK"/>
    <property name="java.vm.info" value="JRE 13 Linux amd64-64-Bit Compressed References 20200117_151 (JIT enabled, AOT enabled)&#10;OpenJ9   - 6968c18d7&#10;OMR      - 7a1b0239a&#10;JCL      - 9c5a41bd5f based on jdk-13.0.2+8"/>
    <property name="sun.nio.MaxDirectMemorySize" value="1794867200"/>
    <property name="java.vm.version" value="openj9-0.18.0"/>
    <property name="com.ibm.jcl.checkClassPath" value=""/>
    <property name="ibm.system.encoding" value="UTF-8"/>
    <property name="sun.io.unicode.encoding" value="UnicodeLittle"/>
    <property name="java.class.version" value="57.0"/>
  </properties>
  <testcase name="shouldAnswerWithTrue" classname="com.spolancom.AppTest" time="0.003"/>
</testsuite>